<?xml version="1.0" encoding="UTF-8"?>
<testng-results ignored="0" total="11" passed="9" failed="2" skipped="0">
  <reporter-output>
  </reporter-output>
  <suite started-at="2022-02-17T00:56:06 CET" name="Default suite" finished-at="2022-02-17T00:56:13 CET" duration-ms="6459">
    <groups>
    </groups>
    <test started-at="2022-02-17T00:56:06 CET" name="Default test" finished-at="2022-02-17T00:56:13 CET" duration-ms="6459">
      <class name="meri.kiran.stadionWeather">
        <test-method signature="stadion_FCA()[pri:0, instance:meri.kiran.stadionWeather@74751b3]" started-at="2022-02-17T00:56:06 CET" name="stadion_FCA" finished-at="2022-02-17T00:56:09 CET" duration-ms="2299" status="PASS">
          <reporter-output>
          </reporter-output>
        </test-method> <!-- stadion_FCA -->
        <test-method signature="stadion_FCB()[pri:0, instance:meri.kiran.stadionWeather@74751b3]" started-at="2022-02-17T00:56:09 CET" name="stadion_FCB" finished-at="2022-02-17T00:56:09 CET" duration-ms="481" status="PASS">
          <reporter-output>
          </reporter-output>
        </test-method> <!-- stadion_FCB -->
        <test-method signature="stadion_HBC()[pri:0, instance:meri.kiran.stadionWeather@74751b3]" started-at="2022-02-17T00:56:09 CET" name="stadion_HBC" finished-at="2022-02-17T00:56:10 CET" duration-ms="389" status="PASS">
          <reporter-output>
          </reporter-output>
        </test-method> <!-- stadion_HBC -->
        <test-method signature="stadion_HOF()[pri:0, instance:meri.kiran.stadionWeather@74751b3]" started-at="2022-02-17T00:56:10 CET" name="stadion_HOF" finished-at="2022-02-17T00:56:10 CET" duration-ms="369" status="PASS">
          <reporter-output>
          </reporter-output>
        </test-method> <!-- stadion_HOF -->
        <test-method signature="stadion_KAI()[pri:0, instance:meri.kiran.stadionWeather@74751b3]" started-at="2022-02-17T00:56:10 CET" name="stadion_KAI" finished-at="2022-02-17T00:56:10 CET" duration-ms="374" status="PASS">
          <reporter-output>
          </reporter-output>
        </test-method> <!-- stadion_KAI -->
        <test-method signature="stadion_ROS()[pri:0, instance:meri.kiran.stadionWeather@74751b3]" started-at="2022-02-17T00:56:10 CET" name="stadion_ROS" finished-at="2022-02-17T00:56:11 CET" duration-ms="481" status="PASS">
          <reporter-output>
          </reporter-output>
        </test-method> <!-- stadion_ROS -->
        <test-method signature="stadion_S04()[pri:0, instance:meri.kiran.stadionWeather@74751b3]" started-at="2022-02-17T00:56:11 CET" name="stadion_S04" finished-at="2022-02-17T00:56:11 CET" duration-ms="349" status="PASS">
          <reporter-output>
          </reporter-output>
        </test-method> <!-- stadion_S04 -->
        <test-method signature="stadion_UNI()[pri:0, instance:meri.kiran.stadionWeather@74751b3]" started-at="2022-02-17T00:56:11 CET" name="stadion_UNI" finished-at="2022-02-17T00:56:12 CET" duration-ms="423" status="PASS">
          <reporter-output>
          </reporter-output>
        </test-method> <!-- stadion_UNI -->
        <test-method signature="stadion_b04()[pri:0, instance:meri.kiran.stadionWeather@74751b3]" started-at="2022-02-17T00:56:12 CET" name="stadion_b04" finished-at="2022-02-17T00:56:12 CET" duration-ms="390" status="FAIL">
          <exception class="java.lang.AssertionError">
            <message>
              <![CDATA[expected [above Limit13 degree] but found [13.34]]]>
            </message>
            <full-stacktrace>
              <![CDATA[java.lang.AssertionError: expected [above Limit13 degree] but found [13.34]
at org.testng.Assert.fail(Assert.java:99)
at org.testng.Assert.failNotEquals(Assert.java:1037)
at org.testng.Assert.assertEqualsImpl(Assert.java:140)
at org.testng.Assert.assertEquals(Assert.java:122)
at org.testng.Assert.assertEquals(Assert.java:617)
at objectRepo.reUsableMethods.coordsExtractor(reUsableMethods.java:45)
at meri.kiran.stadionWeather.stadion_b04(stadionWeather.java:231)
at java.base/jdk.internal.reflect.NativeMethodAccessorImpl.invoke0(Native Method)
at java.base/jdk.internal.reflect.NativeMethodAccessorImpl.invoke(NativeMethodAccessorImpl.java:78)
at java.base/jdk.internal.reflect.DelegatingMethodAccessorImpl.invoke(DelegatingMethodAccessorImpl.java:43)
at java.base/java.lang.reflect.Method.invoke(Method.java:567)
at org.testng.internal.MethodInvocationHelper.invokeMethod(MethodInvocationHelper.java:133)
at org.testng.internal.TestInvoker.invokeMethod(TestInvoker.java:598)
at org.testng.internal.TestInvoker.invokeTestMethod(TestInvoker.java:173)
at org.testng.internal.MethodRunner.runInSequence(MethodRunner.java:46)
at org.testng.internal.TestInvoker$MethodInvocationAgent.invoke(TestInvoker.java:824)
at org.testng.internal.TestInvoker.invokeTestMethods(TestInvoker.java:146)
at org.testng.internal.TestMethodWorker.invokeTestMethods(TestMethodWorker.java:146)
at org.testng.internal.TestMethodWorker.run(TestMethodWorker.java:128)
at java.base/java.util.ArrayList.forEach(ArrayList.java:1511)
at org.testng.TestRunner.privateRun(TestRunner.java:794)
at org.testng.TestRunner.run(TestRunner.java:596)
at org.testng.SuiteRunner.runTest(SuiteRunner.java:377)
at org.testng.SuiteRunner.runSequentially(SuiteRunner.java:371)
at org.testng.SuiteRunner.privateRun(SuiteRunner.java:332)
at org.testng.SuiteRunner.run(SuiteRunner.java:276)
at org.testng.SuiteRunnerWorker.runSuite(SuiteRunnerWorker.java:53)
at org.testng.SuiteRunnerWorker.run(SuiteRunnerWorker.java:96)
at org.testng.TestNG.runSuitesSequentially(TestNG.java:1212)
at org.testng.TestNG.runSuitesLocally(TestNG.java:1134)
at org.testng.TestNG.runSuites(TestNG.java:1063)
at org.testng.TestNG.run(TestNG.java:1031)
at org.testng.remote.AbstractRemoteTestNG.run(AbstractRemoteTestNG.java:115)
at org.testng.remote.RemoteTestNG.initAndRun(RemoteTestNG.java:251)
at org.testng.remote.RemoteTestNG.main(RemoteTestNG.java:77)
]]>
            </full-stacktrace>
          </exception> <!-- java.lang.AssertionError -->
          <reporter-output>
          </reporter-output>
        </test-method> <!-- stadion_b04 -->
        <test-method signature="stadion_bvb()[pri:0, instance:meri.kiran.stadionWeather@74751b3]" started-at="2022-02-17T00:56:12 CET" name="stadion_bvb" finished-at="2022-02-17T00:56:12 CET" duration-ms="397" status="PASS">
          <reporter-output>
          </reporter-output>
        </test-method> <!-- stadion_bvb -->
        <test-method signature="stadion_f95()[pri:0, instance:meri.kiran.stadionWeather@74751b3]" started-at="2022-02-17T00:56:12 CET" name="stadion_f95" finished-at="2022-02-17T00:56:13 CET" duration-ms="472" status="FAIL">
          <exception class="java.lang.AssertionError">
            <message>
              <![CDATA[expected [above Limit13 degree] but found [13.02]]]>
            </message>
            <full-stacktrace>
              <![CDATA[java.lang.AssertionError: expected [above Limit13 degree] but found [13.02]
at org.testng.Assert.fail(Assert.java:99)
at org.testng.Assert.failNotEquals(Assert.java:1037)
at org.testng.Assert.assertEqualsImpl(Assert.java:140)
at org.testng.Assert.assertEquals(Assert.java:122)
at org.testng.Assert.assertEquals(Assert.java:617)
at objectRepo.reUsableMethods.coordsExtractor(reUsableMethods.java:45)
at meri.kiran.stadionWeather.stadion_f95(stadionWeather.java:166)
at java.base/jdk.internal.reflect.NativeMethodAccessorImpl.invoke0(Native Method)
at java.base/jdk.internal.reflect.NativeMethodAccessorImpl.invoke(NativeMethodAccessorImpl.java:78)
at java.base/jdk.internal.reflect.DelegatingMethodAccessorImpl.invoke(DelegatingMethodAccessorImpl.java:43)
at java.base/java.lang.reflect.Method.invoke(Method.java:567)
at org.testng.internal.MethodInvocationHelper.invokeMethod(MethodInvocationHelper.java:133)
at org.testng.internal.TestInvoker.invokeMethod(TestInvoker.java:598)
at org.testng.internal.TestInvoker.invokeTestMethod(TestInvoker.java:173)
at org.testng.internal.MethodRunner.runInSequence(MethodRunner.java:46)
at org.testng.internal.TestInvoker$MethodInvocationAgent.invoke(TestInvoker.java:824)
at org.testng.internal.TestInvoker.invokeTestMethods(TestInvoker.java:146)
at org.testng.internal.TestMethodWorker.invokeTestMethods(TestMethodWorker.java:146)
at org.testng.internal.TestMethodWorker.run(TestMethodWorker.java:128)
at java.base/java.util.ArrayList.forEach(ArrayList.java:1511)
at org.testng.TestRunner.privateRun(TestRunner.java:794)
at org.testng.TestRunner.run(TestRunner.java:596)
at org.testng.SuiteRunner.runTest(SuiteRunner.java:377)
at org.testng.SuiteRunner.runSequentially(SuiteRunner.java:371)
at org.testng.SuiteRunner.privateRun(SuiteRunner.java:332)
at org.testng.SuiteRunner.run(SuiteRunner.java:276)
at org.testng.SuiteRunnerWorker.runSuite(SuiteRunnerWorker.java:53)
at org.testng.SuiteRunnerWorker.run(SuiteRunnerWorker.java:96)
at org.testng.TestNG.runSuitesSequentially(TestNG.java:1212)
at org.testng.TestNG.runSuitesLocally(TestNG.java:1134)
at org.testng.TestNG.runSuites(TestNG.java:1063)
at org.testng.TestNG.run(TestNG.java:1031)
at org.testng.remote.AbstractRemoteTestNG.run(AbstractRemoteTestNG.java:115)
at org.testng.remote.RemoteTestNG.initAndRun(RemoteTestNG.java:251)
at org.testng.remote.RemoteTestNG.main(RemoteTestNG.java:77)
]]>
            </full-stacktrace>
          </exception> <!-- java.lang.AssertionError -->
          <reporter-output>
          </reporter-output>
        </test-method> <!-- stadion_f95 -->
      </class> <!-- meri.kiran.stadionWeather -->
    </test> <!-- Default test -->
  </suite> <!-- Default suite -->
</testng-results>
